<?xml version="1.0" encoding="UTF-8"?>
<!-- Generated by org.testng.reporters.JUnitReportReporter -->
<testsuite hostname="VEERA-IT" failures="0" tests="1" name="com.Aps.utils.Databaseconnection" time="0.544" errors="0" timestamp="2023-03-07T10:08:20 IST" skipped="0">
  <testcase classname="com.Aps.utils.Databaseconnection" name="Connection" time="0.544"/>
  <system-out/>
</testsuite> <!-- com.Aps.utils.Databaseconnection -->
