<?xml version="1.0" encoding="UTF-8"?>
<!-- Generated by org.testng.reporters.JUnitReportReporter -->
<testsuite hostname="VEERA-IT" failures="0" tests="1" name="com.Aps.test.Toastmasage" time="10.358" errors="0" timestamp="2023-03-06T11:17:14 IST" skipped="0">
  <testcase classname="com.Aps.test.Toastmasage" name="name" time="10.358"/>
  <system-out/>
</testsuite> <!-- com.Aps.test.Toastmasage -->
