<?xml version="1.0" encoding="UTF-8"?>
<!-- Generated by org.testng.reporters.JUnitReportReporter -->
<testsuite hostname="VEERA-IT" failures="0" tests="1" name="com.Aps.test.AccountLoginTest" time="10.292" errors="0" timestamp="2023-03-07T15:37:27 IST" skipped="0">
  <testcase classname="com.Aps.test.AccountLoginTest" name="Valid_LoginTest" time="10.292"/>
  <system-out/>
</testsuite> <!-- com.Aps.test.AccountLoginTest -->
