<?xml version="1.0" encoding="UTF-8"?>
<!-- Generated by org.testng.reporters.JUnitReportReporter -->
<testsuite hostname="VEERA-IT" failures="0" tests="3" name="com.Aps.test.AccountInvaildLoginTest" time="20.159" errors="0" timestamp="2023-03-07T15:24:04 IST" skipped="0">
  <testcase classname="com.Aps.test.AccountInvaildLoginTest" name="LoginTest" time="5.536"/>
  <system-out/>
  <testcase classname="com.Aps.test.AccountInvaildLoginTest" name="LoginTest" time="6.569"/>
  <system-out/>
  <testcase classname="com.Aps.test.AccountInvaildLoginTest" name="LoginTest" time="8.054"/>
  <system-out/>
</testsuite> <!-- com.Aps.test.AccountInvaildLoginTest -->
