<?xml version="1.0" encoding="UTF-8"?>
<!-- Generated by org.testng.reporters.JUnitReportReporter -->
<testsuite hostname="VEERA-IT" failures="0" tests="1" name="com.Aps.test.write_xecel" time="7.634" errors="0" timestamp="2023-06-06T12:43:13 IST" skipped="0">
  <testcase classname="com.Aps.test.write_xecel" name="name" time="7.634"/>
  <system-out/>
</testsuite> <!-- com.Aps.test.write_xecel -->
