<?xml version="1.0" encoding="UTF-8"?>
<!-- Generated by org.testng.reporters.JUnitReportReporter -->
<testsuite hostname="VEERA-IT" failures="0" tests="1" name="com.Aps.test.DownloadClientCSV" time="12.082" errors="0" timestamp="2023-03-07T17:59:11 IST" skipped="0">
  <testcase classname="com.Aps.test.DownloadClientCSV" name="downloadcsv" time="12.082"/>
  <system-out/>
</testsuite> <!-- com.Aps.test.DownloadClientCSV -->
